Start testing: Jul 05 23:35 PDT
----------------------------------------------------------
1/9 Testing: Run
1/9 Test: Run
Command: "/home/zxdan/cmake/Step6/build/Tutorial" "23"
Directory: /home/zxdan/cmake/Step6/build
"Run" start time: Jul 05 23:35 PDT
Output:
----------------------------------------------------------
Computing sqrt of 23 to be 4.79583 using log and exp
/home/zxdan/cmake/Step6/build/Tutorial: 4.79583
<end of output>
Test time =   0.00 sec
----------------------------------------------------------
Test Passed.
"Run" end time: Jul 05 23:35 PDT
"Run" time elapsed: 00:00:00
----------------------------------------------------------

2/9 Testing: Usage
2/9 Test: Usage
Command: "/home/zxdan/cmake/Step6/build/Tutorial"
Directory: /home/zxdan/cmake/Step6/build
"Usage" start time: Jul 05 23:35 PDT
Output:
----------------------------------------------------------
/home/zxdan/cmake/Step6/build/Tutorial: Version = 1.0
/home/zxdan/cmake/Step6/build/Tutorial: Usage [Number]
<end of output>
Test time =   0.00 sec
----------------------------------------------------------
Test Pass Reason:
Required regular expression found. Regex=[Usage*]
"Usage" end time: Jul 05 23:35 PDT
"Usage" time elapsed: 00:00:00
----------------------------------------------------------

3/9 Testing: Comp4
3/9 Test: Comp4
Command: "/home/zxdan/cmake/Step6/build/Tutorial" "4"
Directory: /home/zxdan/cmake/Step6/build
"Comp4" start time: Jul 05 23:35 PDT
Output:
----------------------------------------------------------
Computing sqrt of 4 to be 2 using log and exp
/home/zxdan/cmake/Step6/build/Tutorial: 2
<end of output>
Test time =   0.00 sec
----------------------------------------------------------
Test Pass Reason:
Required regular expression found. Regex=[Tutorial: 2]
"Comp4" end time: Jul 05 23:35 PDT
"Comp4" time elapsed: 00:00:00
----------------------------------------------------------

4/9 Testing: Comp9
4/9 Test: Comp9
Command: "/home/zxdan/cmake/Step6/build/Tutorial" "9"
Directory: /home/zxdan/cmake/Step6/build
"Comp9" start time: Jul 05 23:35 PDT
Output:
----------------------------------------------------------
Computing sqrt of 9 to be 3 using log and exp
/home/zxdan/cmake/Step6/build/Tutorial: 3
<end of output>
Test time =   0.00 sec
----------------------------------------------------------
Test Pass Reason:
Required regular expression found. Regex=[Tutorial: 3]
"Comp9" end time: Jul 05 23:35 PDT
"Comp9" time elapsed: 00:00:00
----------------------------------------------------------

5/9 Testing: Comp5
5/9 Test: Comp5
Command: "/home/zxdan/cmake/Step6/build/Tutorial" "5"
Directory: /home/zxdan/cmake/Step6/build
"Comp5" start time: Jul 05 23:35 PDT
Output:
----------------------------------------------------------
Computing sqrt of 5 to be 2.23607 using log and exp
/home/zxdan/cmake/Step6/build/Tutorial: 2.23607
<end of output>
Test time =   0.00 sec
----------------------------------------------------------
Test Pass Reason:
Required regular expression found. Regex=[Tutorial: 2.236]
"Comp5" end time: Jul 05 23:35 PDT
"Comp5" time elapsed: 00:00:00
----------------------------------------------------------

6/9 Testing: Comp7
6/9 Test: Comp7
Command: "/home/zxdan/cmake/Step6/build/Tutorial" "7"
Directory: /home/zxdan/cmake/Step6/build
"Comp7" start time: Jul 05 23:35 PDT
Output:
----------------------------------------------------------
Computing sqrt of 7 to be 2.64575 using log and exp
/home/zxdan/cmake/Step6/build/Tutorial: 2.64575
<end of output>
Test time =   0.00 sec
----------------------------------------------------------
Test Pass Reason:
Required regular expression found. Regex=[Tutorial: 2.645]
"Comp7" end time: Jul 05 23:35 PDT
"Comp7" time elapsed: 00:00:00
----------------------------------------------------------

7/9 Testing: Comp25
7/9 Test: Comp25
Command: "/home/zxdan/cmake/Step6/build/Tutorial" "25"
Directory: /home/zxdan/cmake/Step6/build
"Comp25" start time: Jul 05 23:35 PDT
Output:
----------------------------------------------------------
Computing sqrt of 25 to be 5 using log and exp
/home/zxdan/cmake/Step6/build/Tutorial: 5
<end of output>
Test time =   0.00 sec
----------------------------------------------------------
Test Pass Reason:
Required regular expression found. Regex=[Tutorial: 5]
"Comp25" end time: Jul 05 23:35 PDT
"Comp25" time elapsed: 00:00:00
----------------------------------------------------------

8/9 Testing: Comp-25
8/9 Test: Comp-25
Command: "/home/zxdan/cmake/Step6/build/Tutorial" "-25"
Directory: /home/zxdan/cmake/Step6/build
"Comp-25" start time: Jul 05 23:35 PDT
Output:
----------------------------------------------------------
/home/zxdan/cmake/Step6/build/Tutorial: 0
<end of output>
Test time =   0.00 sec
----------------------------------------------------------
Test Pass Reason:
Required regular expression found. Regex=[Tutorial: (-nan|nan|0)]
"Comp-25" end time: Jul 05 23:35 PDT
"Comp-25" time elapsed: 00:00:00
----------------------------------------------------------

9/9 Testing: Comp0.0001
9/9 Test: Comp0.0001
Command: "/home/zxdan/cmake/Step6/build/Tutorial" "0.0001"
Directory: /home/zxdan/cmake/Step6/build
"Comp0.0001" start time: Jul 05 23:35 PDT
Output:
----------------------------------------------------------
Computing sqrt of 0.0001 to be 0.01 using log and exp
/home/zxdan/cmake/Step6/build/Tutorial: 0.01
<end of output>
Test time =   0.00 sec
----------------------------------------------------------
Test Pass Reason:
Required regular expression found. Regex=[Tutorial: 0.01]
"Comp0.0001" end time: Jul 05 23:35 PDT
"Comp0.0001" time elapsed: 00:00:00
----------------------------------------------------------

End testing: Jul 05 23:35 PDT
